<?xml version="1.0" encoding="UTF-8"?>
<!-- Generated by org.testng.reporters.JUnitReportReporter -->
<testsuite hostname="user-PC" failures="0" tests="1" name="Testcases.Edit_customer_testcase" time="18.146" errors="0" timestamp="2022-11-10T18:09:54 IST" skipped="0">
  <testcase classname="Testcases.Edit_customer_testcase" name="edid_custome_method" time="18.146"/>
  <system-out/>
</testsuite> <!-- Testcases.Edit_customer_testcase -->
