<?xml version="1.0" encoding="UTF-8"?>
<!-- Generated by org.testng.reporters.JUnitReportReporter -->
<testsuite hostname="user-PC" failures="0" tests="1" name="Testcases.New_customer_test" time="27.655" errors="0" timestamp="2022-11-10T17:32:48 IST" skipped="0">
  <testcase classname="Testcases.New_customer_test" name="new_custo" time="27.655"/>
  <system-out/>
</testsuite> <!-- Testcases.New_customer_test -->
